<?xml version="1.0" encoding="UTF-8"?>
<testng-results ignored="0" total="3" passed="3" failed="0" skipped="0">
  <reporter-output>
  </reporter-output>
  <suite started-at="2023-12-23T16:32:07 IST" name="Default suite" finished-at="2023-12-23T16:32:32 IST" duration-ms="24259">
    <groups>
    </groups>
    <test started-at="2023-12-23T16:32:07 IST" name="Default test" finished-at="2023-12-23T16:32:32 IST" duration-ms="24259">
      <class name="ToolQA.ToolQARawTestcases">
        <test-method is-config="true" signature="login()[pri:0, instance:ToolQA.ToolQARawTestcases@15bcf458]" started-at="2023-12-23T16:32:08 IST" name="login" finished-at="2023-12-23T16:32:23 IST" duration-ms="15535" status="PASS">
          <reporter-output>
          </reporter-output>
        </test-method> <!-- login -->
        <test-method signature="element()[pri:0, instance:ToolQA.ToolQARawTestcases@15bcf458]" started-at="2023-12-23T16:32:23 IST" name="element" finished-at="2023-12-23T16:32:24 IST" duration-ms="1066" status="PASS">
          <reporter-output>
          </reporter-output>
        </test-method> <!-- element -->
        <test-method is-config="true" signature="login()[pri:0, instance:ToolQA.ToolQARawTestcases@15bcf458]" started-at="2023-12-23T16:32:24 IST" name="login" finished-at="2023-12-23T16:32:26 IST" duration-ms="1773" status="PASS">
          <reporter-output>
          </reporter-output>
        </test-method> <!-- login -->
        <test-method signature="checkbox()[pri:1, instance:ToolQA.ToolQARawTestcases@15bcf458]" started-at="2023-12-23T16:32:26 IST" name="checkbox" finished-at="2023-12-23T16:32:30 IST" duration-ms="3627" status="PASS">
          <reporter-output>
          </reporter-output>
        </test-method> <!-- checkbox -->
        <test-method is-config="true" signature="login()[pri:0, instance:ToolQA.ToolQARawTestcases@15bcf458]" started-at="2023-12-23T16:32:30 IST" name="login" finished-at="2023-12-23T16:32:31 IST" duration-ms="1531" status="PASS">
          <reporter-output>
          </reporter-output>
        </test-method> <!-- login -->
        <test-method signature="Radiobutton()[pri:3, instance:ToolQA.ToolQARawTestcases@15bcf458]" started-at="2023-12-23T16:32:31 IST" name="Radiobutton" finished-at="2023-12-23T16:32:32 IST" duration-ms="537" status="PASS">
          <reporter-output>
          </reporter-output>
        </test-method> <!-- Radiobutton -->
      </class> <!-- ToolQA.ToolQARawTestcases -->
    </test> <!-- Default test -->
  </suite> <!-- Default suite -->
</testng-results>
