<?xml version="1.0" encoding="UTF-8"?>
<!-- Generated by org.testng.reporters.JUnitXMLReporter -->
<testsuite ignored="0" hostname="SANTOSH" failures="0" tests="3" name="Default test" time="24.259" errors="0" timestamp="2023-12-23T16:32:32 IST">
  <testcase classname="ToolQA.ToolQARawTestcases" name="element" time="1.066"/>
  <testcase classname="ToolQA.ToolQARawTestcases" name="checkbox" time="3.627"/>
  <testcase classname="ToolQA.ToolQARawTestcases" name="Radiobutton" time="0.537"/>
</testsuite> <!-- Default test -->
